<?xml version="1.0" encoding="UTF-8"?>
<testng-results skipped="0" failed="0" ignored="0" total="1" passed="1">
  <reporter-output>
  </reporter-output>
  <suite name="Suite" duration-ms="31" started-at="2018-01-23T20:16:08Z" finished-at="2018-01-23T20:16:08Z">
    <groups>
    </groups>
    <test name="Test" duration-ms="31" started-at="2018-01-23T20:16:08Z" finished-at="2018-01-23T20:16:08Z">
      <class name="demojenkins.demojenkinsjobs">
        <test-method status="PASS" signature="testJenkins()[pri:0, instance:demojenkins.demojenkinsjobs@653222]" name="testJenkins" duration-ms="0" started-at="2018-01-23T15:16:08Z" finished-at="2018-01-23T15:16:08Z">
          <reporter-output>
          </reporter-output>
        </test-method> <!-- testJenkins -->
      </class> <!-- demojenkins.demojenkinsjobs -->
    </test> <!-- Test -->
  </suite> <!-- Suite -->
</testng-results>
